<?xml version="1.0" encoding="UTF-8"?>
<!-- Generated by org.testng.reporters.JUnitReportReporter -->
<testsuite hostname="LAPTOP-64TIP83V" failures="0" tests="3" name="excelDriver.dataProvider" time="0.008" errors="0" timestamp="2024-08-04T20:23:57 IST" skipped="0">
  <testcase classname="excelDriver.dataProvider" name="PracticeExcel" time="0.001"/>
  <system-out/>
  <testcase classname="excelDriver.dataProvider" name="PracticeExcel" time="0.007"/>
  <system-out/>
  <testcase classname="excelDriver.dataProvider" name="PracticeExcel" time="0.000"/>
  <system-out/>
</testsuite> <!-- excelDriver.dataProvider -->
