<?xml version="1.0" encoding="UTF-8"?>
<!-- Generated by org.testng.reporters.JUnitReportReporter -->
<testsuite hostname="LAPTOP-64TIP83V" failures="0" tests="3" name="excelDriver.dataProvider" time="0.015" errors="0" timestamp="2024-08-07T20:49:35 IST" skipped="0">
  <testcase classname="excelDriver.dataProvider" name="PracticeExcel" time="0.002"/>
  <system-out/>
  <testcase classname="excelDriver.dataProvider" name="PracticeExcel" time="0.002"/>
  <system-out/>
  <testcase classname="excelDriver.dataProvider" name="PracticeExcel" time="0.011"/>
  <system-out/>
</testsuite> <!-- excelDriver.dataProvider -->
