<?xml version="1.0" encoding="UTF-8"?>
<!-- Generated by org.testng.reporters.JUnitReportReporter -->
<testsuite hostname="LAPTOP-64TIP83V" failures="0" tests="3" name="excelDriver.dataProvider" time="0.010" errors="0" timestamp="2024-08-07T21:03:08 IST" skipped="0">
  <testcase classname="excelDriver.dataProvider" name="PracticeExcel" time="0.000"/>
  <testcase classname="excelDriver.dataProvider" name="PracticeExcel" time="0.000"/>
  <testcase classname="excelDriver.dataProvider" name="PracticeExcel" time="0.010"/>
</testsuite> <!-- excelDriver.dataProvider -->
